mode: set
github.com/linkerlin/GoExecutors/main.go:14.13,27.2 6 0
github.com/linkerlin/GoExecutors/main.go:30.26,37.35 5 0
github.com/linkerlin/GoExecutors/main.go:37.35,40.3 2 0
github.com/linkerlin/GoExecutors/main.go:42.2,44.9 3 0
github.com/linkerlin/GoExecutors/main.go:45.17,46.28 1 0
github.com/linkerlin/GoExecutors/main.go:47.28,48.34 1 0
github.com/linkerlin/GoExecutors/main.go:49.16,50.27 1 0
github.com/linkerlin/GoExecutors/main.go:51.16,52.27 1 0
github.com/linkerlin/GoExecutors/main.go:53.10,54.38 1 0
github.com/linkerlin/GoExecutors/main.go:58.2,58.42 1 0
github.com/linkerlin/GoExecutors/main.go:58.42,62.3 3 0
github.com/linkerlin/GoExecutors/main.go:63.2,67.9 5 0
github.com/linkerlin/GoExecutors/main.go:68.17,69.28 1 0
github.com/linkerlin/GoExecutors/main.go:70.30,71.36 1 0
github.com/linkerlin/GoExecutors/main.go:72.18,73.35 1 0
github.com/linkerlin/GoExecutors/main.go:74.16,75.35 1 0
github.com/linkerlin/GoExecutors/main.go:76.10,77.39 1 0
github.com/linkerlin/GoExecutors/main.go:81.2,81.40 1 0
github.com/linkerlin/GoExecutors/main.go:81.40,83.13 2 0
github.com/linkerlin/GoExecutors/main.go:85.2,85.25 1 0
github.com/linkerlin/GoExecutors/main.go:85.25,87.3 1 0
github.com/linkerlin/GoExecutors/main.go:89.2,90.9 2 0
github.com/linkerlin/GoExecutors/main.go:91.17,92.48 1 0
github.com/linkerlin/GoExecutors/main.go:93.30,94.58 1 0
github.com/linkerlin/GoExecutors/main.go:95.16,96.40 1 0
github.com/linkerlin/GoExecutors/main.go:97.18,98.45 1 0
github.com/linkerlin/GoExecutors/main.go:99.10,100.39 1 0
github.com/linkerlin/GoExecutors/main.go:104.2,104.34 1 0
github.com/linkerlin/GoExecutors/main.go:104.34,107.3 2 0
github.com/linkerlin/GoExecutors/main.go:109.2,111.9 3 0
github.com/linkerlin/GoExecutors/main.go:112.17,113.28 1 0
github.com/linkerlin/GoExecutors/main.go:114.28,115.29 1 0
github.com/linkerlin/GoExecutors/main.go:116.16,117.27 1 0
github.com/linkerlin/GoExecutors/main.go:118.16,119.32 1 0
github.com/linkerlin/GoExecutors/main.go:120.10,121.38 1 0
github.com/linkerlin/GoExecutors/main.go:124.2,130.44 5 0
github.com/linkerlin/GoExecutors/main.go:134.19,147.15 10 0
github.com/linkerlin/GoExecutors/main.go:147.15,150.3 2 0
github.com/linkerlin/GoExecutors/main.go:153.2,153.76 1 0
github.com/linkerlin/GoExecutors/main.go:153.76,157.3 3 0
github.com/linkerlin/GoExecutors/main.go:159.2,160.16 2 0
github.com/linkerlin/GoExecutors/main.go:160.16,163.3 2 0
github.com/linkerlin/GoExecutors/main.go:166.2,167.16 2 0
github.com/linkerlin/GoExecutors/main.go:167.16,170.3 2 0
github.com/linkerlin/GoExecutors/main.go:172.2,178.73 4 0
github.com/linkerlin/GoExecutors/examples/main.go:13.13,26.2 8 0
github.com/linkerlin/GoExecutors/examples/main.go:29.19,44.77 10 0
github.com/linkerlin/GoExecutors/examples/main.go:44.77,48.3 3 0
github.com/linkerlin/GoExecutors/examples/main.go:50.2,51.16 2 0
github.com/linkerlin/GoExecutors/examples/main.go:51.16,54.3 2 0
github.com/linkerlin/GoExecutors/examples/main.go:57.2,58.16 2 0
github.com/linkerlin/GoExecutors/examples/main.go:58.16,61.3 2 0
github.com/linkerlin/GoExecutors/examples/main.go:63.2,66.77 2 0
github.com/linkerlin/GoExecutors/examples/main.go:66.77,70.3 3 0
github.com/linkerlin/GoExecutors/examples/main.go:72.2,73.16 2 0
github.com/linkerlin/GoExecutors/examples/main.go:73.16,76.3 2 0
github.com/linkerlin/GoExecutors/examples/main.go:79.2,80.16 2 0
github.com/linkerlin/GoExecutors/examples/main.go:80.16,85.17 3 0
github.com/linkerlin/GoExecutors/examples/main.go:85.17,87.4 1 0
github.com/linkerlin/GoExecutors/examples/main.go:87.9,89.4 1 0
github.com/linkerlin/GoExecutors/examples/main.go:90.8,92.3 1 0
github.com/linkerlin/GoExecutors/examples/main.go:96.26,102.42 3 0
github.com/linkerlin/GoExecutors/examples/main.go:102.42,106.3 3 0
github.com/linkerlin/GoExecutors/examples/main.go:108.2,113.9 3 0
github.com/linkerlin/GoExecutors/examples/main.go:114.24,115.46 1 0
github.com/linkerlin/GoExecutors/examples/main.go:116.25,117.47 1 0
github.com/linkerlin/GoExecutors/examples/main.go:118.18,119.40 1 0
github.com/linkerlin/GoExecutors/examples/main.go:120.10,121.40 1 0
github.com/linkerlin/GoExecutors/examples/main.go:124.2,124.63 1 0
github.com/linkerlin/GoExecutors/examples/main.go:128.20,142.26 10 0
github.com/linkerlin/GoExecutors/examples/main.go:142.26,144.77 2 0
github.com/linkerlin/GoExecutors/examples/main.go:144.77,148.4 3 0
github.com/linkerlin/GoExecutors/examples/main.go:150.3,151.17 2 0
github.com/linkerlin/GoExecutors/examples/main.go:151.17,153.12 2 0
github.com/linkerlin/GoExecutors/examples/main.go:157.3,157.40 1 0
github.com/linkerlin/GoExecutors/examples/main.go:157.40,159.18 2 0
github.com/linkerlin/GoExecutors/examples/main.go:159.18,161.5 1 0
github.com/linkerlin/GoExecutors/examples/main.go:161.10,163.5 1 0
github.com/linkerlin/GoExecutors/examples/main.go:168.2,184.36 13 0
github.com/linkerlin/GoExecutors/examples/main.go:188.26,201.82 10 0
github.com/linkerlin/GoExecutors/examples/main.go:201.82,204.3 2 0
github.com/linkerlin/GoExecutors/examples/main.go:206.2,207.16 2 0
github.com/linkerlin/GoExecutors/examples/main.go:207.16,209.3 1 0
github.com/linkerlin/GoExecutors/examples/main.go:209.8,211.17 2 0
github.com/linkerlin/GoExecutors/examples/main.go:211.17,213.4 1 0
github.com/linkerlin/GoExecutors/examples/main.go:213.9,215.4 1 0
github.com/linkerlin/GoExecutors/examples/main.go:219.2,219.81 1 0
github.com/linkerlin/GoExecutors/examples/main.go:219.81,222.3 2 0
github.com/linkerlin/GoExecutors/examples/main.go:224.2,225.16 2 0
github.com/linkerlin/GoExecutors/examples/main.go:225.16,227.3 1 0
github.com/linkerlin/GoExecutors/examples/main.go:227.8,229.17 2 0
github.com/linkerlin/GoExecutors/examples/main.go:229.17,231.4 1 0
github.com/linkerlin/GoExecutors/examples/main.go:231.9,233.4 1 0
github.com/linkerlin/GoExecutors/examples/main.go:237.2,237.81 1 0
github.com/linkerlin/GoExecutors/examples/main.go:237.81,239.39 2 0
github.com/linkerlin/GoExecutors/examples/main.go:242.2,243.16 2 0
github.com/linkerlin/GoExecutors/examples/main.go:243.16,245.3 1 0
github.com/linkerlin/GoExecutors/examples/main.go:245.8,247.17 2 0
github.com/linkerlin/GoExecutors/examples/main.go:247.17,249.4 1 0
github.com/linkerlin/GoExecutors/examples/main.go:249.9,251.4 1 0
github.com/linkerlin/GoExecutors/examples/main.go:255.2,255.86 1 0
github.com/linkerlin/GoExecutors/examples/main.go:255.86,257.10 2 0
github.com/linkerlin/GoExecutors/examples/main.go:258.21,260.25 2 0
github.com/linkerlin/GoExecutors/examples/main.go:261.38,263.39 2 0
github.com/linkerlin/GoExecutors/examples/main.go:267.2,268.16 2 0
github.com/linkerlin/GoExecutors/examples/main.go:268.16,270.3 1 0
github.com/linkerlin/GoExecutors/examples/main.go:270.8,276.17 4 0
github.com/linkerlin/GoExecutors/examples/main.go:276.17,278.4 1 0
github.com/linkerlin/GoExecutors/examples/main.go:278.9,280.4 1 0
github.com/linkerlin/GoExecutors/examples/main.go:284.2,287.84 2 0
github.com/linkerlin/GoExecutors/examples/main.go:287.84,290.3 2 0
github.com/linkerlin/GoExecutors/examples/main.go:292.2,292.25 1 0
github.com/linkerlin/GoExecutors/examples/main.go:292.25,294.17 2 0
github.com/linkerlin/GoExecutors/examples/main.go:294.17,296.4 1 0
github.com/linkerlin/GoExecutors/examples/main.go:300.2,300.81 1 0
github.com/linkerlin/GoExecutors/examples/main.go:300.81,302.3 1 0
github.com/linkerlin/GoExecutors/examples/main.go:304.2,304.25 1 0
github.com/linkerlin/GoExecutors/examples/main.go:304.25,306.17 2 0
github.com/linkerlin/GoExecutors/examples/main.go:306.17,308.4 1 0
github.com/linkerlin/GoExecutors/examples/main.go:312.2,313.16 2 0
github.com/linkerlin/GoExecutors/examples/main.go:313.16,315.3 1 0
github.com/linkerlin/GoExecutors/examples/main.go:318.2,318.36 1 0
github.com/linkerlin/GoExecutors/examples/main.go:322.19,354.16 16 0
github.com/linkerlin/GoExecutors/examples/main.go:354.16,356.3 1 0
github.com/linkerlin/GoExecutors/examples/main.go:356.8,358.3 1 0
github.com/linkerlin/GoExecutors/examples/main.go:362.19,393.2 18 0
github.com/linkerlin/GoExecutors/config/config.go:37.30,52.2 2 1
github.com/linkerlin/GoExecutors/config/config.go:55.32,56.63 1 1
github.com/linkerlin/GoExecutors/config/config.go:56.63,57.61 1 1
github.com/linkerlin/GoExecutors/config/config.go:57.61,59.4 1 1
github.com/linkerlin/GoExecutors/config/config.go:62.2,62.62 1 1
github.com/linkerlin/GoExecutors/config/config.go:62.62,63.61 1 1
github.com/linkerlin/GoExecutors/config/config.go:63.61,65.4 1 1
github.com/linkerlin/GoExecutors/config/config.go:68.2,68.64 1 1
github.com/linkerlin/GoExecutors/config/config.go:68.64,69.59 1 1
github.com/linkerlin/GoExecutors/config/config.go:69.59,71.4 1 1
github.com/linkerlin/GoExecutors/config/config.go:74.2,74.59 1 1
github.com/linkerlin/GoExecutors/config/config.go:74.59,75.49 1 1
github.com/linkerlin/GoExecutors/config/config.go:75.49,77.4 1 1
github.com/linkerlin/GoExecutors/config/config.go:80.2,80.62 1 1
github.com/linkerlin/GoExecutors/config/config.go:80.62,82.3 1 1
github.com/linkerlin/GoExecutors/config/config.go:84.2,84.63 1 1
github.com/linkerlin/GoExecutors/config/config.go:84.63,86.3 1 1
github.com/linkerlin/GoExecutors/config/config.go:88.2,88.63 1 1
github.com/linkerlin/GoExecutors/config/config.go:88.63,90.3 1 1
github.com/linkerlin/GoExecutors/config/config.go:92.2,92.58 1 1
github.com/linkerlin/GoExecutors/config/config.go:92.58,94.3 1 1
github.com/linkerlin/GoExecutors/config/config.go:98.35,99.25 1 1
github.com/linkerlin/GoExecutors/config/config.go:99.25,101.3 1 1
github.com/linkerlin/GoExecutors/config/config.go:102.2,102.36 1 1
github.com/linkerlin/GoExecutors/config/config.go:102.36,104.3 1 1
github.com/linkerlin/GoExecutors/config/config.go:105.2,105.21 1 1
github.com/linkerlin/GoExecutors/config/config.go:105.21,107.3 1 1
github.com/linkerlin/GoExecutors/config/config.go:108.2,108.26 1 1
github.com/linkerlin/GoExecutors/config/config.go:108.26,110.3 1 1
github.com/linkerlin/GoExecutors/config/config.go:111.2,111.30 1 1
github.com/linkerlin/GoExecutors/config/config.go:111.30,113.3 1 1
github.com/linkerlin/GoExecutors/config/config.go:114.2,114.12 1 1
github.com/linkerlin/GoExecutors/config/config.go:118.35,120.2 1 1
github.com/linkerlin/GoExecutors/config/config.go:122.20,124.2 0 1
github.com/linkerlin/GoExecutors/logger/logger.go:52.50,58.2 2 1
github.com/linkerlin/GoExecutors/logger/logger.go:61.43,62.32 1 1
github.com/linkerlin/GoExecutors/logger/logger.go:63.15,64.15 1 1
github.com/linkerlin/GoExecutors/logger/logger.go:65.14,66.14 1 1
github.com/linkerlin/GoExecutors/logger/logger.go:67.14,68.14 1 1
github.com/linkerlin/GoExecutors/logger/logger.go:69.15,70.15 1 1
github.com/linkerlin/GoExecutors/logger/logger.go:71.15,72.15 1 1
github.com/linkerlin/GoExecutors/logger/logger.go:73.10,74.14 1 1
github.com/linkerlin/GoExecutors/logger/logger.go:79.49,83.2 3 1
github.com/linkerlin/GoExecutors/logger/logger.go:86.51,88.2 1 1
github.com/linkerlin/GoExecutors/logger/logger.go:91.50,93.2 1 1
github.com/linkerlin/GoExecutors/logger/logger.go:96.50,98.2 1 1
github.com/linkerlin/GoExecutors/logger/logger.go:101.51,103.2 1 1
github.com/linkerlin/GoExecutors/logger/logger.go:106.51,109.2 2 0
github.com/linkerlin/GoExecutors/logger/logger.go:112.67,114.2 1 0
github.com/linkerlin/GoExecutors/logger/logger.go:117.66,119.2 1 1
github.com/linkerlin/GoExecutors/logger/logger.go:122.66,124.2 1 0
github.com/linkerlin/GoExecutors/logger/logger.go:127.67,129.2 1 0
github.com/linkerlin/GoExecutors/logger/logger.go:132.67,135.2 2 0
github.com/linkerlin/GoExecutors/logger/logger.go:138.65,142.22 3 1
github.com/linkerlin/GoExecutors/logger/logger.go:142.22,145.3 2 1
github.com/linkerlin/GoExecutors/logger/logger.go:149.81,153.22 3 1
github.com/linkerlin/GoExecutors/logger/logger.go:153.22,156.3 2 1
github.com/linkerlin/GoExecutors/logger/logger.go:162.66,162.67 0 1
github.com/linkerlin/GoExecutors/logger/logger.go:163.66,163.67 0 1
github.com/linkerlin/GoExecutors/logger/logger.go:164.66,164.67 0 1
github.com/linkerlin/GoExecutors/logger/logger.go:165.66,165.67 0 1
github.com/linkerlin/GoExecutors/logger/logger.go:166.66,166.67 0 0
github.com/linkerlin/GoExecutors/logger/logger.go:167.66,167.67 0 1
github.com/linkerlin/GoExecutors/logger/logger.go:168.66,168.67 0 1
github.com/linkerlin/GoExecutors/logger/logger.go:169.66,169.67 0 1
github.com/linkerlin/GoExecutors/logger/logger.go:170.66,170.67 0 1
github.com/linkerlin/GoExecutors/logger/logger.go:171.66,171.67 0 0
github.com/linkerlin/GoExecutors/logger/logger.go:174.34,176.2 1 1
github.com/linkerlin/GoExecutors/logger/logger.go:182.38,184.2 1 1
github.com/linkerlin/GoExecutors/logger/logger.go:187.32,189.2 1 1
github.com/linkerlin/GoExecutors/logger/logger.go:192.33,194.2 1 0
github.com/linkerlin/GoExecutors/logger/logger.go:196.32,198.2 1 1
github.com/linkerlin/GoExecutors/logger/logger.go:200.32,202.2 1 0
github.com/linkerlin/GoExecutors/logger/logger.go:204.33,206.2 1 0
github.com/linkerlin/GoExecutors/logger/logger.go:208.33,210.2 1 0
github.com/linkerlin/GoExecutors/logger/logger.go:212.49,214.2 1 0
github.com/linkerlin/GoExecutors/logger/logger.go:216.48,218.2 1 1
github.com/linkerlin/GoExecutors/logger/logger.go:220.48,222.2 1 0
github.com/linkerlin/GoExecutors/logger/logger.go:224.49,226.2 1 0
github.com/linkerlin/GoExecutors/logger/logger.go:228.49,230.2 1 0
github.com/linkerlin/GoExecutors/metrics/metrics.go:36.28,41.2 1 1
github.com/linkerlin/GoExecutors/metrics/metrics.go:44.45,46.2 1 1
github.com/linkerlin/GoExecutors/metrics/metrics.go:49.45,51.2 1 1
github.com/linkerlin/GoExecutors/metrics/metrics.go:54.42,56.2 1 1
github.com/linkerlin/GoExecutors/metrics/metrics.go:59.43,61.2 1 1
github.com/linkerlin/GoExecutors/metrics/metrics.go:64.41,66.2 1 1
github.com/linkerlin/GoExecutors/metrics/metrics.go:69.63,74.6 3 1
github.com/linkerlin/GoExecutors/metrics/metrics.go:74.6,76.23 2 1
github.com/linkerlin/GoExecutors/metrics/metrics.go:76.23,77.9 1 1
github.com/linkerlin/GoExecutors/metrics/metrics.go:79.3,79.70 1 1
github.com/linkerlin/GoExecutors/metrics/metrics.go:79.70,80.9 1 1
github.com/linkerlin/GoExecutors/metrics/metrics.go:85.2,85.6 1 1
github.com/linkerlin/GoExecutors/metrics/metrics.go:85.6,87.23 2 1
github.com/linkerlin/GoExecutors/metrics/metrics.go:87.23,88.9 1 1
github.com/linkerlin/GoExecutors/metrics/metrics.go:90.3,90.70 1 1
github.com/linkerlin/GoExecutors/metrics/metrics.go:90.70,91.9 1 1
github.com/linkerlin/GoExecutors/metrics/metrics.go:97.49,99.2 1 1
github.com/linkerlin/GoExecutors/metrics/metrics.go:102.47,104.2 1 1
github.com/linkerlin/GoExecutors/metrics/metrics.go:107.46,109.2 1 1
github.com/linkerlin/GoExecutors/metrics/metrics.go:112.44,114.2 1 1
github.com/linkerlin/GoExecutors/metrics/metrics.go:117.52,119.2 1 1
github.com/linkerlin/GoExecutors/metrics/metrics.go:122.47,142.2 2 1
github.com/linkerlin/GoExecutors/metrics/metrics.go:165.60,166.27 1 1
github.com/linkerlin/GoExecutors/metrics/metrics.go:166.27,168.3 1 1
github.com/linkerlin/GoExecutors/metrics/metrics.go:169.2,169.63 1 1
github.com/linkerlin/GoExecutors/metrics/metrics.go:173.52,175.18 2 1
github.com/linkerlin/GoExecutors/metrics/metrics.go:175.18,177.3 1 0
github.com/linkerlin/GoExecutors/metrics/metrics.go:178.2,178.44 1 1
github.com/linkerlin/GoExecutors/metrics/metrics.go:182.49,183.27 1 1
github.com/linkerlin/GoExecutors/metrics/metrics.go:183.27,185.3 1 1
github.com/linkerlin/GoExecutors/metrics/metrics.go:186.2,186.62 1 1
github.com/linkerlin/GoExecutors/metrics/metrics.go:190.54,191.26 1 1
github.com/linkerlin/GoExecutors/metrics/metrics.go:191.26,193.3 1 1
github.com/linkerlin/GoExecutors/metrics/metrics.go:194.2,194.56 1 1
github.com/linkerlin/GoExecutors/metrics/metrics.go:198.55,199.23 1 1
github.com/linkerlin/GoExecutors/metrics/metrics.go:199.23,201.3 1 1
github.com/linkerlin/GoExecutors/metrics/metrics.go:202.2,202.57 1 1
github.com/linkerlin/GoExecutors/executors/executors.go:33.69,35.2 1 1
github.com/linkerlin/GoExecutors/executors/executors.go:53.45,60.2 2 1
github.com/linkerlin/GoExecutors/executors/executors.go:63.45,65.21 2 1
github.com/linkerlin/GoExecutors/executors/executors.go:65.21,67.3 1 0
github.com/linkerlin/GoExecutors/executors/executors.go:68.2,68.39 1 1
github.com/linkerlin/GoExecutors/executors/executors.go:72.77,73.9 1 1
github.com/linkerlin/GoExecutors/executors/executors.go:74.16,75.22 1 1
github.com/linkerlin/GoExecutors/executors/executors.go:75.22,77.4 1 0
github.com/linkerlin/GoExecutors/executors/executors.go:78.3,78.40 1 1
github.com/linkerlin/GoExecutors/executors/executors.go:79.29,80.29 1 1
github.com/linkerlin/GoExecutors/executors/executors.go:85.32,86.9 1 0
github.com/linkerlin/GoExecutors/executors/executors.go:87.16,88.14 1 0
github.com/linkerlin/GoExecutors/executors/executors.go:89.10,90.15 1 0
github.com/linkerlin/GoExecutors/executors/executors.go:95.27,97.2 1 1
github.com/linkerlin/GoExecutors/executors/executors.go:100.43,101.19 1 1
github.com/linkerlin/GoExecutors/executors/executors.go:101.19,104.3 2 1
github.com/linkerlin/GoExecutors/executors/executors.go:140.68,141.16 1 1
github.com/linkerlin/GoExecutors/executors/executors.go:141.16,143.3 1 0
github.com/linkerlin/GoExecutors/executors/executors.go:144.2,147.23 3 1
github.com/linkerlin/GoExecutors/executors/executors.go:147.23,149.3 1 0
github.com/linkerlin/GoExecutors/executors/executors.go:149.8,151.3 1 1
github.com/linkerlin/GoExecutors/executors/executors.go:153.2,167.47 5 1
github.com/linkerlin/GoExecutors/executors/executors.go:167.47,169.3 1 1
github.com/linkerlin/GoExecutors/executors/executors.go:172.2,172.23 1 1
github.com/linkerlin/GoExecutors/executors/executors.go:172.23,174.3 1 1
github.com/linkerlin/GoExecutors/executors/executors.go:176.2,179.17 2 1
github.com/linkerlin/GoExecutors/executors/executors.go:183.65,185.2 1 1
github.com/linkerlin/GoExecutors/executors/executors.go:188.97,189.37 1 1
github.com/linkerlin/GoExecutors/executors/executors.go:189.37,191.3 1 1
github.com/linkerlin/GoExecutors/executors/executors.go:193.2,200.9 3 1
github.com/linkerlin/GoExecutors/executors/executors.go:201.30,208.21 4 1
github.com/linkerlin/GoExecutors/executors/executors.go:209.10,211.44 1 1
github.com/linkerlin/GoExecutors/executors/executors.go:216.119,218.2 1 0
github.com/linkerlin/GoExecutors/executors/executors.go:221.52,226.60 3 1
github.com/linkerlin/GoExecutors/executors/executors.go:226.60,227.79 1 1
github.com/linkerlin/GoExecutors/executors/executors.go:227.79,229.4 1 1
github.com/linkerlin/GoExecutors/executors/executors.go:234.55,235.12 1 1
github.com/linkerlin/GoExecutors/executors/executors.go:235.12,237.3 1 1
github.com/linkerlin/GoExecutors/executors/executors.go:238.2,241.25 3 1
github.com/linkerlin/GoExecutors/executors/executors.go:245.54,247.15 2 1
github.com/linkerlin/GoExecutors/executors/executors.go:247.15,249.13 2 1
github.com/linkerlin/GoExecutors/executors/executors.go:249.13,251.4 1 1
github.com/linkerlin/GoExecutors/executors/executors.go:254.2,257.6 3 1
github.com/linkerlin/GoExecutors/executors/executors.go:257.6,258.10 1 1
github.com/linkerlin/GoExecutors/executors/executors.go:259.23,261.10 2 1
github.com/linkerlin/GoExecutors/executors/executors.go:262.33,263.36 1 1
github.com/linkerlin/GoExecutors/executors/executors.go:264.45,266.62 1 0
github.com/linkerlin/GoExecutors/executors/executors.go:266.62,269.40 3 0
github.com/linkerlin/GoExecutors/executors/executors.go:269.40,271.6 1 0
github.com/linkerlin/GoExecutors/executors/executors.go:273.5,273.36 1 0
github.com/linkerlin/GoExecutors/executors/executors.go:273.36,276.6 2 0
github.com/linkerlin/GoExecutors/executors/executors.go:283.81,286.15 2 1
github.com/linkerlin/GoExecutors/executors/executors.go:286.15,290.3 3 1
github.com/linkerlin/GoExecutors/executors/executors.go:293.2,293.15 1 1
github.com/linkerlin/GoExecutors/executors/executors.go:293.15,294.31 1 1
github.com/linkerlin/GoExecutors/executors/executors.go:294.31,298.4 3 1
github.com/linkerlin/GoExecutors/executors/executors.go:302.2,302.9 1 1
github.com/linkerlin/GoExecutors/executors/executors.go:303.35,306.9 3 1
github.com/linkerlin/GoExecutors/executors/executors.go:307.10,307.10 0 1
github.com/linkerlin/GoExecutors/executors/executors.go:311.2,313.16 2 1
github.com/linkerlin/GoExecutors/executors/executors.go:313.16,316.3 2 0
github.com/linkerlin/GoExecutors/executors/executors.go:316.8,319.3 2 1
github.com/linkerlin/GoExecutors/executors/executors.go:321.2,321.61 1 1
github.com/linkerlin/GoExecutors/executors/executors.go:325.77,328.31 2 1
github.com/linkerlin/GoExecutors/executors/executors.go:329.15,331.25 2 1
github.com/linkerlin/GoExecutors/executors/executors.go:332.21,334.13 1 0
github.com/linkerlin/GoExecutors/executors/executors.go:334.13,335.17 1 0
github.com/linkerlin/GoExecutors/executors/executors.go:335.17,336.33 1 0
github.com/linkerlin/GoExecutors/executors/executors.go:336.33,338.6 1 0
github.com/linkerlin/GoExecutors/executors/executors.go:340.4,341.63 2 0
github.com/linkerlin/GoExecutors/executors/executors.go:343.3,343.13 1 0
github.com/linkerlin/GoExecutors/executors/executors.go:344.17,346.13 2 0
github.com/linkerlin/GoExecutors/executors/executors.go:347.10,349.25 2 0
github.com/linkerlin/GoExecutors/executors/executors.go:354.44,358.6 3 1
github.com/linkerlin/GoExecutors/executors/executors.go:358.6,359.10 1 1
github.com/linkerlin/GoExecutors/executors/executors.go:360.23,361.10 1 1
github.com/linkerlin/GoExecutors/executors/executors.go:362.19,363.21 1 0
github.com/linkerlin/GoExecutors/executors/executors.go:369.46,372.2 2 1
github.com/linkerlin/GoExecutors/executors/executors.go:375.68,378.2 2 1
github.com/linkerlin/GoExecutors/executors/executors.go:381.59,383.2 1 1
github.com/linkerlin/GoExecutors/executors/executors.go:386.49,388.2 1 0
github.com/linkerlin/GoExecutors/executors/executors.go:391.41,395.48 3 1
github.com/linkerlin/GoExecutors/executors/executors.go:395.48,398.3 2 1
github.com/linkerlin/GoExecutors/executors/executors.go:402.51,406.48 3 0
github.com/linkerlin/GoExecutors/executors/executors.go:406.48,413.36 5 0
github.com/linkerlin/GoExecutors/executors/executors.go:413.36,416.4 2 0
github.com/linkerlin/GoExecutors/executors/executors.go:418.3,418.25 1 0
github.com/linkerlin/GoExecutors/executors/executors.go:421.2,421.12 1 0
github.com/linkerlin/GoExecutors/executors/executors.go:425.75,428.12 2 1
github.com/linkerlin/GoExecutors/executors/executors.go:428.12,431.3 2 1
github.com/linkerlin/GoExecutors/executors/executors.go:433.2,433.9 1 1
github.com/linkerlin/GoExecutors/executors/executors.go:434.14,436.14 2 1
github.com/linkerlin/GoExecutors/executors/executors.go:437.29,439.15 2 0
github.com/linkerlin/GoExecutors/executors/executors.go:444.48,446.2 1 0
github.com/linkerlin/GoExecutors/executors/executors.go:449.50,451.2 1 0
github.com/linkerlin/GoExecutors/executors/executors.go:458.38,458.58 1 0
github.com/linkerlin/GoExecutors/executors/executors.go:466.32,470.2 1 1
github.com/linkerlin/GoExecutors/executors/executors.go:473.74,475.66 1 1
github.com/linkerlin/GoExecutors/executors/executors.go:475.66,477.3 1 1
github.com/linkerlin/GoExecutors/executors/executors.go:479.2,480.16 2 1
github.com/linkerlin/GoExecutors/executors/executors.go:480.16,484.3 2 0
github.com/linkerlin/GoExecutors/executors/executors.go:486.2,486.15 1 1
github.com/linkerlin/GoExecutors/executors/executors.go:490.38,492.2 1 1
github.com/linkerlin/GoExecutors/executors/executors.go:495.28,497.2 1 1
github.com/linkerlin/GoExecutors/executors/executors.go:500.123,503.19 2 1
github.com/linkerlin/GoExecutors/executors/executors.go:503.19,504.40 1 0
github.com/linkerlin/GoExecutors/executors/executors.go:504.40,506.4 1 0
github.com/linkerlin/GoExecutors/executors/executors.go:507.3,507.38 1 0
github.com/linkerlin/GoExecutors/executors/executors.go:507.38,509.4 1 0
github.com/linkerlin/GoExecutors/executors/executors.go:510.3,510.31 1 0
github.com/linkerlin/GoExecutors/executors/executors.go:513.2,513.30 1 1
